0
X---X--
---X---
X--X-X-
X--X---
----X--
X--X--X
X-----X


Generation Number: 1
-------
---X---
--XX---
---X---
---XX--
-----X-
-------

Generation Number: 2
-------
--XX---
--XXX--
-------
---XX--
----X--
-------

Generation Number: 3
-------
--X-X--
--X-X--
--X----
---XX--
---XX--
-------

Generation Number: 4
-------
-------
-XX----
--X-X--
--X-X--
---XX--
-------

Generation Number: 5
-------
-------
-XXX---
--X----
--X-XX-
---XX--
-------

Generation Number: 6
-------
--X----
-XXX---
----X--
--X-XX-
---XXX-
-------

Generation Number: 7
-------
-XXX---
-XXX---
-X--XX-
-------
---X-X-
----X--

Generation Number: 8
--X----
-X-X---
X------
-X-XX--
-----X-
----X--
----X--

Generation Number: 9
--X----
-XX----
XX-XX--
----X--
---X-X-
----XX-
-------

Generation Number: 10
-XX----
X------
XX-XX--
--X--X-
---X-X-
----XX-
-------

Generation Number: 11
-X-----
X--X---
XXXXX--
-XX--X-
---X-XX
----XX-
-------

Generation Number: 12
-------
X--XX--
X---X--
X----XX
--XX--X
----XXX
-------

Generation Number: 13
-------
---XX--
XX-XX--
-X-XXXX
---X---
---XXXX
-----X-

Generation Number: 14
-------
--XXX--
XX-----
XX---X-
-------
---X-XX
-----XX

Generation Number: 15
---X---
-XXX---
X--XX--
XX-----
----XXX
----XXX
----XXX

Generation Number: 16
---X---
-X-----
X--XX--
XX-X---
----X-X
---X---
----X-X

Generation Number: 17
-------
--XXX--
X--XX--
XXXX-X-
--XXX--
---XX--
-------

Generation Number: 18
---X---
--X-X--
X----X-
X----X-
-----X-
--X-X--
-------

Generation Number: 19
---X---
---XX--
-X--XX-
----XXX
----XX-
-------
-------

Generation Number: 20
---XX--
--XX-X-
------X
---X--X
----X-X
-------
-------

Generation Number: 21
--XXX--
--XX-X-
--XXXXX
------X
-----X-
-------
-------

Generation Number: 22
--X-X--
-X----X
--X---X
---X--X
-------
-------
-------

Generation Number: 23
-------
-XXX-X-
--X--XX
-------
-------
-------
-------

Generation Number: 24
--X----
-XXXXXX
-XXXXXX
-------
-------
-------
-------

Generation Number: 25
-XX-XX-
------X
-X----X
--XXXX-
-------
-------
-------

Generation Number: 26
-----X-
-XX---X
--XXX-X
--XXXX-
---XX--
-------
-------

Generation Number: 27
-------
-XX-X-X
------X
-------
--X--X-
-------
-------

Generation Number: 28
-------
-----X-
-----X-
-------
-------
-------
-------

